GROUP,PACKAGE,CLASS,INSTRUCTION_MISSED,INSTRUCTION_COVERED,BRANCH_MISSED,BRANCH_COVERED,LINE_MISSED,LINE_COVERED,COMPLEXITY_MISSED,COMPLEXITY_COVERED,METHOD_MISSED,METHOD_COVERED
pokedex,org.example.pokedex,PokedexApplication,5,3,0,0,2,1,1,1,1,1
pokedex,org.example.pokedex.service,TranslationService,0,41,0,0,0,11,0,3,0,3
pokedex,org.example.pokedex.service,PokemonService,1,116,4,6,1,24,4,4,0,3
pokedex,org.example.pokedex.configs,ExternalApiException,3,4,0,0,2,2,1,1,1,1
pokedex,org.example.pokedex.configs,Beans,0,6,0,0,0,2,0,2,0,2
pokedex,org.example.pokedex.controller,PokemonController,0,13,0,0,0,3,0,3,0,3
